2025-08-26 16:40:08,274 [Worker-4: Loading available Gradle versions] INFO  o.e.b.c.i.u.g.PublishedGradleVersions - Gradle version information cache is not available. Remote download required.
2025-08-26 16:41:41,974 [Worker-11: Importing Maven projects] INFO  o.e.m.c.i.l.LifecycleMappingFactory - Using org.eclipse.m2e.jdt.JarLifecycleMapping lifecycle mapping for MavenProject: com.campusworks:api-gateway:1.0.0 @ C:\Users\ManishReddy\OneDrive\Desktop\Campus_ works_Records\api-gateway\pom.xml.
2025-08-26 16:41:54,716 [Worker-11: Importing Maven projects] INFO  o.e.m.c.i.l.LifecycleMappingFactory - Using org.eclipse.m2e.jdt.JarLifecycleMapping lifecycle mapping for MavenProject: com.campusworks:auth-service:1.0.0 @ C:\Users\ManishReddy\OneDrive\Desktop\Campus_ works_Records\auth-service\pom.xml.
2025-08-26 16:41:57,580 [Worker-11: Importing Maven projects] INFO  o.e.m.c.i.l.LifecycleMappingFactory - Using org.eclipse.m2e.jdt.JarLifecycleMapping lifecycle mapping for MavenProject: com.campusworks:eureka-server:1.0.0 @ C:\Users\ManishReddy\OneDrive\Desktop\Campus_ works_Records\eureka-server\pom.xml.
2025-08-26 16:42:07,972 [Worker-11: Importing Maven projects] INFO  o.e.m.j.i.AbstractJavaProjectConfigurator - Adding source folder /api-gateway/src/main/java
2025-08-26 16:42:07,992 [Worker-11: Importing Maven projects] INFO  o.e.m.j.i.AbstractJavaProjectConfigurator - Adding resource folder /api-gateway/src/main/resources
2025-08-26 16:42:08,016 [Worker-11: Importing Maven projects] INFO  o.e.m.j.i.AbstractJavaProjectConfigurator - Adding resource folder /api-gateway/src/main/resources
2025-08-26 16:42:08,019 [Worker-11: Importing Maven projects] INFO  o.e.m.j.i.AbstractJavaProjectConfigurator - Adding source folder /api-gateway/src/test/java
2025-08-26 16:42:08,037 [Worker-11: Importing Maven projects] INFO  o.e.m.j.i.AbstractJavaProjectConfigurator - Adding resource folder /api-gateway/src/test/resources
2025-08-26 16:42:28,454 [Worker-11: Importing Maven projects] INFO  o.e.m.j.i.AbstractJavaProjectConfigurator - Adding source folder /eureka-server/src/main/java
2025-08-26 16:42:28,456 [Worker-11: Importing Maven projects] INFO  o.e.m.j.i.AbstractJavaProjectConfigurator - Adding resource folder /eureka-server/src/main/resources
2025-08-26 16:42:28,484 [Worker-11: Importing Maven projects] INFO  o.e.m.j.i.AbstractJavaProjectConfigurator - Adding resource folder /eureka-server/src/main/resources
2025-08-26 16:42:28,486 [Worker-11: Importing Maven projects] INFO  o.e.m.j.i.AbstractJavaProjectConfigurator - Adding source folder /eureka-server/src/test/java
2025-08-26 16:42:28,488 [Worker-11: Importing Maven projects] INFO  o.e.m.j.i.AbstractJavaProjectConfigurator - Adding resource folder /eureka-server/src/test/resources
2025-08-26 16:42:34,637 [Worker-11: Importing Maven projects] INFO  o.e.m.j.i.AbstractJavaProjectConfigurator - Adding source folder /auth-service/src/main/java
2025-08-26 16:42:34,639 [Worker-11: Importing Maven projects] INFO  o.e.m.j.i.AbstractJavaProjectConfigurator - Adding resource folder /auth-service/src/main/resources
2025-08-26 16:42:34,648 [Worker-11: Importing Maven projects] INFO  o.e.m.j.i.AbstractJavaProjectConfigurator - Adding resource folder /auth-service/src/main/resources
2025-08-26 16:42:34,649 [Worker-11: Importing Maven projects] INFO  o.e.m.j.i.AbstractJavaProjectConfigurator - Adding source folder /auth-service/src/test/java
2025-08-26 16:42:34,651 [Worker-11: Importing Maven projects] INFO  o.e.m.j.i.AbstractJavaProjectConfigurator - Adding resource folder /auth-service/src/test/resources
2025-08-26 16:42:37,277 [Worker-11: Importing Maven projects] INFO  o.e.m.c.i.p.ProjectConfigurationManager - Imported and configured 3 project(s) in 69 sec
2025-08-26 16:42:37,812 [Worker-16: Updating Maven Project] INFO  o.e.m.c.i.p.ProjectConfigurationManager - Update started
2025-08-26 16:42:41,200 [Worker-16: Updating Maven Project] INFO  o.e.m.c.i.l.LifecycleMappingFactory - Using org.eclipse.m2e.jdt.JarLifecycleMapping lifecycle mapping for MavenProject: com.campusworks:api-gateway:1.0.0 @ C:\Users\ManishReddy\OneDrive\Desktop\Campus_ works_Records\api-gateway\pom.xml.
2025-08-26 16:42:43,894 [Worker-16: Updating Maven Project] INFO  o.e.m.c.i.l.LifecycleMappingFactory - Using org.eclipse.m2e.jdt.JarLifecycleMapping lifecycle mapping for MavenProject: com.campusworks:auth-service:1.0.0 @ C:\Users\ManishReddy\OneDrive\Desktop\Campus_ works_Records\auth-service\pom.xml.
2025-08-26 16:42:44,687 [Worker-16: Updating Maven Project] INFO  o.e.m.c.i.l.LifecycleMappingFactory - Using org.eclipse.m2e.jdt.JarLifecycleMapping lifecycle mapping for MavenProject: com.campusworks:eureka-server:1.0.0 @ C:\Users\ManishReddy\OneDrive\Desktop\Campus_ works_Records\eureka-server\pom.xml.
2025-08-26 16:42:49,374 [Worker-16: Updating Maven Project] INFO  o.e.m.j.i.AbstractJavaProjectConfigurator - Adding source folder /api-gateway/src/main/java
2025-08-26 16:42:49,376 [Worker-16: Updating Maven Project] INFO  o.e.m.j.i.AbstractJavaProjectConfigurator - Adding resource folder /api-gateway/src/main/resources
2025-08-26 16:42:49,378 [Worker-16: Updating Maven Project] INFO  o.e.m.j.i.AbstractJavaProjectConfigurator - Adding resource folder /api-gateway/src/main/resources
2025-08-26 16:42:49,379 [Worker-16: Updating Maven Project] INFO  o.e.m.j.i.AbstractJavaProjectConfigurator - Adding source folder /api-gateway/src/test/java
2025-08-26 16:42:49,409 [Worker-16: Updating Maven Project] INFO  o.e.m.j.i.AbstractJavaProjectConfigurator - Adding resource folder /api-gateway/src/test/resources
2025-08-26 16:42:50,810 [Worker-16: Updating Maven Project] INFO  o.e.m.j.i.AbstractJavaProjectConfigurator - Adding source folder /auth-service/src/main/java
2025-08-26 16:42:50,812 [Worker-16: Updating Maven Project] INFO  o.e.m.j.i.AbstractJavaProjectConfigurator - Adding resource folder /auth-service/src/main/resources
2025-08-26 16:42:50,813 [Worker-16: Updating Maven Project] INFO  o.e.m.j.i.AbstractJavaProjectConfigurator - Adding resource folder /auth-service/src/main/resources
2025-08-26 16:42:50,815 [Worker-16: Updating Maven Project] INFO  o.e.m.j.i.AbstractJavaProjectConfigurator - Adding source folder /auth-service/src/test/java
2025-08-26 16:42:50,840 [Worker-16: Updating Maven Project] INFO  o.e.m.j.i.AbstractJavaProjectConfigurator - Adding resource folder /auth-service/src/test/resources
2025-08-26 16:42:52,669 [Worker-16: Updating Maven Project] INFO  o.e.m.j.i.AbstractJavaProjectConfigurator - Adding source folder /eureka-server/src/main/java
2025-08-26 16:42:52,671 [Worker-16: Updating Maven Project] INFO  o.e.m.j.i.AbstractJavaProjectConfigurator - Adding resource folder /eureka-server/src/main/resources
2025-08-26 16:42:52,673 [Worker-16: Updating Maven Project] INFO  o.e.m.j.i.AbstractJavaProjectConfigurator - Adding resource folder /eureka-server/src/main/resources
2025-08-26 16:42:52,674 [Worker-16: Updating Maven Project] INFO  o.e.m.j.i.AbstractJavaProjectConfigurator - Adding source folder /eureka-server/src/test/java
2025-08-26 16:42:52,676 [Worker-16: Updating Maven Project] INFO  o.e.m.j.i.AbstractJavaProjectConfigurator - Adding resource folder /eureka-server/src/test/resources
2025-08-26 16:42:54,951 [Worker-16: Updating Maven Project] INFO  o.e.m.c.i.p.ProjectConfigurationManager - Update completed for 3 poms: local refresh takes 0.00 sec, refresh facades takes 11.00 sec, update config takes 4.00 sec 
2025-08-26 16:42:56,072 [Worker-17: Building] INFO  o.a.m.s.f.DefaultMavenResourcesFiltering - Copying 1 resource from src\main\resources to target\classes
2025-08-26 16:42:56,123 [Worker-17: Building] INFO  o.a.m.s.f.DefaultMavenResourcesFiltering - Copying 0 resource from src\main\resources to target\classes
2025-08-26 16:42:56,153 [Worker-17: Building] INFO  o.a.m.s.f.DefaultMavenResourcesFiltering - skip non existing resourceDirectory C:\Users\ManishReddy\OneDrive\Desktop\Campus_ works_Records\api-gateway\src\test\resources
2025-08-26 16:42:58,939 [Worker-17: Building] INFO  o.a.m.s.f.DefaultMavenResourcesFiltering - Copying 1 resource from src\main\resources to target\classes
2025-08-26 16:42:58,944 [Worker-17: Building] INFO  o.a.m.s.f.DefaultMavenResourcesFiltering - Copying 0 resource from src\main\resources to target\classes
2025-08-26 16:42:58,951 [Worker-17: Building] INFO  o.a.m.s.f.DefaultMavenResourcesFiltering - skip non existing resourceDirectory C:\Users\ManishReddy\OneDrive\Desktop\Campus_ works_Records\auth-service\src\test\resources
2025-08-26 16:42:59,382 [Worker-17: Building] INFO  o.a.m.s.f.DefaultMavenResourcesFiltering - Copying 1 resource from src\main\resources to target\classes
2025-08-26 16:42:59,390 [Worker-17: Building] INFO  o.a.m.s.f.DefaultMavenResourcesFiltering - Copying 0 resource from src\main\resources to target\classes
2025-08-26 16:42:59,395 [Worker-17: Building] INFO  o.a.m.s.f.DefaultMavenResourcesFiltering - skip non existing resourceDirectory C:\Users\ManishReddy\OneDrive\Desktop\Campus_ works_Records\eureka-server\src\test\resources
2025-08-26 16:57:37,946 [Worker-23: Building] INFO  o.a.m.s.f.DefaultMavenResourcesFiltering - Copying 1 resource from src\main\resources to target\classes
2025-08-26 16:57:37,961 [Worker-23: Building] INFO  o.a.m.s.f.DefaultMavenResourcesFiltering - Copying 0 resource from src\main\resources to target\classes
2025-08-26 16:57:37,966 [Worker-23: Building] INFO  o.a.m.s.f.DefaultMavenResourcesFiltering - skip non existing resourceDirectory C:\Users\ManishReddy\OneDrive\Desktop\Campus_ works_Records\auth-service\src\test\resources
2025-08-26 17:21:43,109 [Worker-25: Building] INFO  o.a.m.s.f.DefaultMavenResourcesFiltering - Copying 1 resource from src\main\resources to target\classes
2025-08-26 17:21:43,120 [Worker-25: Building] INFO  o.a.m.s.f.DefaultMavenResourcesFiltering - Copying 0 resource from src\main\resources to target\classes
2025-08-26 17:21:43,124 [Worker-25: Building] INFO  o.a.m.s.f.DefaultMavenResourcesFiltering - skip non existing resourceDirectory C:\Users\ManishReddy\OneDrive\Desktop\Campus_ works_Records\api-gateway\src\test\resources
2025-08-26 17:22:53,469 [Worker-23: Building] INFO  o.a.m.s.f.DefaultMavenResourcesFiltering - Copying 1 resource from src\main\resources to target\classes
2025-08-26 17:22:53,480 [Worker-23: Building] INFO  o.a.m.s.f.DefaultMavenResourcesFiltering - Copying 0 resource from src\main\resources to target\classes
2025-08-26 17:22:53,485 [Worker-23: Building] INFO  o.a.m.s.f.DefaultMavenResourcesFiltering - skip non existing resourceDirectory C:\Users\ManishReddy\OneDrive\Desktop\Campus_ works_Records\api-gateway\src\test\resources
2025-08-26 17:33:52,428 [Worker-20: Building] INFO  o.a.m.s.f.DefaultMavenResourcesFiltering - Copying 1 resource from src\main\resources to target\classes
2025-08-26 17:33:52,507 [Worker-20: Building] INFO  o.a.m.s.f.DefaultMavenResourcesFiltering - Copying 0 resource from src\main\resources to target\classes
2025-08-26 17:33:52,511 [Worker-20: Building] INFO  o.a.m.s.f.DefaultMavenResourcesFiltering - skip non existing resourceDirectory C:\Users\ManishReddy\OneDrive\Desktop\Campus_ works_Records\api-gateway\src\test\resources
2025-08-26 17:35:15,656 [Worker-20: Building] INFO  o.a.m.s.f.DefaultMavenResourcesFiltering - Copying 1 resource from src\main\resources to target\classes
2025-08-26 17:35:15,761 [Worker-20: Building] INFO  o.a.m.s.f.DefaultMavenResourcesFiltering - Copying 0 resource from src\main\resources to target\classes
2025-08-26 17:35:15,765 [Worker-20: Building] INFO  o.a.m.s.f.DefaultMavenResourcesFiltering - skip non existing resourceDirectory C:\Users\ManishReddy\OneDrive\Desktop\Campus_ works_Records\api-gateway\src\test\resources
2025-08-26 17:37:02,284 [Worker-20: Building] INFO  o.a.m.s.f.DefaultMavenResourcesFiltering - Copying 1 resource from src\main\resources to target\classes
2025-08-26 17:37:02,294 [Worker-20: Building] INFO  o.a.m.s.f.DefaultMavenResourcesFiltering - Copying 0 resource from src\main\resources to target\classes
2025-08-26 17:37:02,298 [Worker-20: Building] INFO  o.a.m.s.f.DefaultMavenResourcesFiltering - skip non existing resourceDirectory C:\Users\ManishReddy\OneDrive\Desktop\Campus_ works_Records\api-gateway\src\test\resources
2025-08-26 17:41:38,569 [Worker-20: Building] INFO  o.a.m.s.f.DefaultMavenResourcesFiltering - Copying 1 resource from src\main\resources to target\classes
2025-08-26 17:41:38,610 [Worker-20: Building] INFO  o.a.m.s.f.DefaultMavenResourcesFiltering - Copying 0 resource from src\main\resources to target\classes
2025-08-26 17:41:38,614 [Worker-20: Building] INFO  o.a.m.s.f.DefaultMavenResourcesFiltering - skip non existing resourceDirectory C:\Users\ManishReddy\OneDrive\Desktop\Campus_ works_Records\api-gateway\src\test\resources
2025-08-26 17:59:05,208 [Worker-0: Loading available Gradle versions] INFO  o.e.b.c.i.u.g.PublishedGradleVersions - Gradle version information cache is up-to-date. Trying to read.
2025-08-26 18:34:38,673 [Worker-23: https://download.oracle.com/otn_software/oepe/library/oracle-maf-2.1.1.0.1-rt/artifacts.xml] INFO  o.a.h.c.h.i.c.HttpRequestRetryExec - Recoverable I/O exception (java.net.SocketException) caught when processing request to {s}->https://download.oracle.com:443
2025-08-26 18:34:38,999 [Worker-21: https://download.oracle.com/otn_software/oepe/library/oracle-maf-2.1.1-examples/artifacts.jar] INFO  o.a.h.c.h.i.c.HttpRequestRetryExec - Recoverable I/O exception (java.net.SocketException) caught when processing request to {s}->https://download.oracle.com:443
2025-08-26 18:34:39,179 [Worker-25: https://download.oracle.com/otn_software/oepe/library/oracle-maf-2.1.1-examples/artifacts.xml] INFO  o.a.h.c.h.i.c.HttpRequestRetryExec - Recoverable I/O exception (java.net.SocketException) caught when processing request to {s}->https://download.oracle.com:443
2025-08-26 18:34:39,274 [Worker-23: https://download.oracle.com/otn_software/oepe/library/oracle-maf-2.1.2.0.1-rt/artifacts.jar] INFO  o.a.h.c.h.i.c.HttpRequestRetryExec - Recoverable I/O exception (java.net.SocketException) caught when processing request to {s}->https://download.oracle.com:443
2025-08-26 18:34:39,591 [Worker-22: https://download.oracle.com/otn_software/oepe/library/oracle-maf-2.1.2.0.1-rt/artifacts.xml] INFO  o.a.h.c.h.i.c.HttpRequestRetryExec - Recoverable I/O exception (java.net.SocketException) caught when processing request to {s}->https://download.oracle.com:443
2025-08-26 18:34:39,680 [Worker-20: https://download.oracle.com/otn_software/oepe/library/oracle-maf-2.1.2-examples/artifacts.jar] INFO  o.a.h.c.h.i.c.HttpRequestRetryExec - Recoverable I/O exception (java.net.SocketException) caught when processing request to {s}->https://download.oracle.com:443
2025-08-26 18:34:39,758 [Worker-21: https://download.oracle.com/otn_software/oepe/library/oracle-maf-2.1.2-examples/artifacts.xml] INFO  o.a.h.c.h.i.c.HttpRequestRetryExec - Recoverable I/O exception (java.net.SocketException) caught when processing request to {s}->https://download.oracle.com:443
2025-08-26 18:34:39,793 [Worker-23: https://download.oracle.com/otn_software/oepe/library/oracle-maf-2.1.3-rt/artifacts.jar] INFO  o.a.h.c.h.i.c.HttpRequestRetryExec - Recoverable I/O exception (java.net.SocketException) caught when processing request to {s}->https://download.oracle.com:443
2025-08-26 18:34:39,814 [Worker-20: https://download.oracle.com/otn_software/oepe/library/oracle-maf-2.1.3-rt/artifacts.xml] INFO  o.a.h.c.h.i.c.HttpRequestRetryExec - Recoverable I/O exception (java.net.SocketException) caught when processing request to {s}->https://download.oracle.com:443
2025-08-26 18:34:39,897 [Worker-22: https://download.oracle.com/otn_software/oepe/library/oracle-maf-2.1.3-examples/artifacts.jar] INFO  o.a.h.c.h.i.c.HttpRequestRetryExec - Recoverable I/O exception (java.net.SocketException) caught when processing request to {s}->https://download.oracle.com:443
2025-08-26 18:34:39,937 [Worker-20: https://download.oracle.com/otn_software/oepe/library/oracle-maf-2.1.3-examples/artifacts.xml] INFO  o.a.h.c.h.i.c.HttpRequestRetryExec - Recoverable I/O exception (java.net.SocketException) caught when processing request to {s}->https://download.oracle.com:443
2025-08-26 18:34:39,974 [Worker-22: https://download.oracle.com/otn_software/oepe/library/oracle-maf-2.2.0.1-rt/artifacts.jar] INFO  o.a.h.c.h.i.c.HttpRequestRetryExec - Recoverable I/O exception (java.net.SocketException) caught when processing request to {s}->https://download.oracle.com:443
2025-08-26 18:34:39,991 [Worker-20: https://download.oracle.com/otn_software/oepe/library/oracle-maf-2.2.0.1-rt/artifacts.xml] INFO  o.a.h.c.h.i.c.HttpRequestRetryExec - Recoverable I/O exception (java.net.SocketException) caught when processing request to {s}->https://download.oracle.com:443
2025-08-26 18:34:40,019 [Worker-22: https://download.oracle.com/otn_software/oepe/library/oracle-maf-2.2-examples/artifacts.jar] INFO  o.a.h.c.h.i.c.HttpRequestRetryExec - Recoverable I/O exception (java.net.SocketException) caught when processing request to {s}->https://download.oracle.com:443
2025-08-26 18:34:40,044 [Worker-20: https://download.oracle.com/otn_software/oepe/library/oracle-maf-2.2-examples/artifacts.xml] INFO  o.a.h.c.h.i.c.HttpRequestRetryExec - Recoverable I/O exception (java.net.SocketException) caught when processing request to {s}->https://download.oracle.com:443
2025-08-26 18:34:40,064 [Worker-23: https://download.oracle.com/otn_software/oepe/library/oracle-maf-2.2.1-rt/artifacts.jar] INFO  o.a.h.c.h.i.c.HttpRequestRetryExec - Recoverable I/O exception (java.net.SocketException) caught when processing request to {s}->https://download.oracle.com:443
2025-08-26 18:34:40,079 [Worker-22: https://download.oracle.com/otn_software/oepe/library/oracle-maf-2.2.1-rt/artifacts.xml] INFO  o.a.h.c.h.i.c.HttpRequestRetryExec - Recoverable I/O exception (java.net.SocketException) caught when processing request to {s}->https://download.oracle.com:443
2025-08-26 18:34:40,121 [Worker-23: https://download.oracle.com/otn_software/oepe/library/oracle-maf-2.2.1-examples/artifacts.jar] INFO  o.a.h.c.h.i.c.HttpRequestRetryExec - Recoverable I/O exception (java.net.SocketException) caught when processing request to {s}->https://download.oracle.com:443
2025-08-26 18:34:40,172 [Worker-21: https://download.oracle.com/otn_software/oepe/library/oracle-maf-2.2.1-examples/artifacts.xml] INFO  o.a.h.c.h.i.c.HttpRequestRetryExec - Recoverable I/O exception (java.net.SocketException) caught when processing request to {s}->https://download.oracle.com:443
2025-08-26 18:34:40,205 [Worker-24: https://download.oracle.com/otn_software/oepe/library/oracle-maf-2.2.2-rt/artifacts.jar] INFO  o.a.h.c.h.i.c.HttpRequestRetryExec - Recoverable I/O exception (java.net.SocketException) caught when processing request to {s}->https://download.oracle.com:443
2025-08-26 18:34:40,219 [Worker-21: https://download.oracle.com/otn_software/oepe/library/oracle-maf-2.2.2-rt/artifacts.xml] INFO  o.a.h.c.h.i.c.HttpRequestRetryExec - Recoverable I/O exception (java.net.SocketException) caught when processing request to {s}->https://download.oracle.com:443
2025-08-26 18:34:40,267 [Worker-24: https://download.oracle.com/otn_software/oepe/library/oracle-maf-2.2.2-examples/artifacts.jar] INFO  o.a.h.c.h.i.c.HttpRequestRetryExec - Recoverable I/O exception (java.net.SocketException) caught when processing request to {s}->https://download.oracle.com:443
2025-08-26 18:34:40,282 [Worker-20: https://download.oracle.com/otn_software/oepe/library/oracle-maf-2.2.2-examples/artifacts.xml] INFO  o.a.h.c.h.i.c.HttpRequestRetryExec - Recoverable I/O exception (java.net.SocketException) caught when processing request to {s}->https://download.oracle.com:443
2025-08-26 18:34:40,345 [Worker-23: https://download.oracle.com/otn_software/oepe/library/oracle-maf-2.3.0.1-rt/artifacts.jar] INFO  o.a.h.c.h.i.c.HttpRequestRetryExec - Recoverable I/O exception (java.net.SocketException) caught when processing request to {s}->https://download.oracle.com:443
2025-08-26 18:34:40,395 [Worker-22: https://download.oracle.com/otn_software/oepe/library/oracle-maf-2.3.0.1-rt/artifacts.xml] INFO  o.a.h.c.h.i.c.HttpRequestRetryExec - Recoverable I/O exception (java.net.SocketException) caught when processing request to {s}->https://download.oracle.com:443
2025-08-26 18:34:40,436 [Worker-23: https://download.oracle.com/otn_software/oepe/library/oracle-maf-2.3.0.0.1-examples/artifacts.jar] INFO  o.a.h.c.h.i.c.HttpRequestRetryExec - Recoverable I/O exception (java.net.SocketException) caught when processing request to {s}->https://download.oracle.com:443
2025-08-26 18:34:40,452 [Worker-22: https://download.oracle.com/otn_software/oepe/library/oracle-maf-2.3.0.0.1-examples/artifacts.xml] INFO  o.a.h.c.h.i.c.HttpRequestRetryExec - Recoverable I/O exception (java.net.SocketException) caught when processing request to {s}->https://download.oracle.com:443
2025-08-26 18:34:40,483 [Worker-25: https://download.oracle.com/otn_software/oepe/library/oracle-maf-2.3.1-rt/artifacts.jar] INFO  o.a.h.c.h.i.c.HttpRequestRetryExec - Recoverable I/O exception (java.net.SocketException) caught when processing request to {s}->https://download.oracle.com:443
2025-08-26 18:34:40,512 [Worker-20: https://download.oracle.com/otn_software/oepe/library/oracle-maf-2.3.1-rt/artifacts.xml] INFO  o.a.h.c.h.i.c.HttpRequestRetryExec - Recoverable I/O exception (java.net.SocketException) caught when processing request to {s}->https://download.oracle.com:443
2025-08-26 18:34:40,544 [Worker-24: https://download.oracle.com/otn_software/oepe/library/oracle-maf-2.3.1-examples/artifacts.jar] INFO  o.a.h.c.h.i.c.HttpRequestRetryExec - Recoverable I/O exception (java.net.SocketException) caught when processing request to {s}->https://download.oracle.com:443
2025-08-26 18:34:40,571 [Worker-22: https://download.oracle.com/otn_software/oepe/library/oracle-maf-2.3.1-examples/artifacts.xml] INFO  o.a.h.c.h.i.c.HttpRequestRetryExec - Recoverable I/O exception (java.net.SocketException) caught when processing request to {s}->https://download.oracle.com:443
2025-08-26 18:34:40,589 [Worker-25: https://download.oracle.com/otn_software/oepe/library/oracle-maf-2.3.2-rt/artifacts.jar] INFO  o.a.h.c.h.i.c.HttpRequestRetryExec - Recoverable I/O exception (java.net.SocketException) caught when processing request to {s}->https://download.oracle.com:443
2025-08-26 18:34:40,604 [Worker-20: https://download.oracle.com/otn_software/oepe/library/oracle-maf-2.3.2-rt/artifacts.xml] INFO  o.a.h.c.h.i.c.HttpRequestRetryExec - Recoverable I/O exception (java.net.SocketException) caught when processing request to {s}->https://download.oracle.com:443
2025-08-26 18:34:40,627 [Worker-24: https://download.oracle.com/otn_software/oepe/library/oracle-maf-2.3.2-examples/artifacts.jar] INFO  o.a.h.c.h.i.c.HttpRequestRetryExec - Recoverable I/O exception (java.net.SocketException) caught when processing request to {s}->https://download.oracle.com:443
2025-08-26 18:34:40,643 [Worker-22: https://download.oracle.com/otn_software/oepe/library/oracle-maf-2.3.2-examples/artifacts.xml] INFO  o.a.h.c.h.i.c.HttpRequestRetryExec - Recoverable I/O exception (java.net.SocketException) caught when processing request to {s}->https://download.oracle.com:443
2025-08-26 18:34:40,671 [Worker-24: https://download.oracle.com/otn_software/oepe/library/oracle-maf-2.3.3-rt/artifacts.jar] INFO  o.a.h.c.h.i.c.HttpRequestRetryExec - Recoverable I/O exception (java.net.SocketException) caught when processing request to {s}->https://download.oracle.com:443
2025-08-26 18:34:40,697 [Worker-22: https://download.oracle.com/otn_software/oepe/library/oracle-maf-2.3.3-rt/artifacts.xml] INFO  o.a.h.c.h.i.c.HttpRequestRetryExec - Recoverable I/O exception (java.net.SocketException) caught when processing request to {s}->https://download.oracle.com:443
2025-08-26 18:34:40,736 [Worker-25: https://download.oracle.com/otn_software/oepe/library/oracle-maf-2.3.3-examples/artifacts.jar] INFO  o.a.h.c.h.i.c.HttpRequestRetryExec - Recoverable I/O exception (java.net.SocketException) caught when processing request to {s}->https://download.oracle.com:443
2025-08-26 18:34:40,747 [Worker-20: https://download.oracle.com/otn_software/oepe/library/oracle-maf-2.3.3-examples/artifacts.xml] INFO  o.a.h.c.h.i.c.HttpRequestRetryExec - Recoverable I/O exception (java.net.SocketException) caught when processing request to {s}->https://download.oracle.com:443
